{"level":"error","message":"Failed to update own user password by test@gmail.com at userid: 12","timestamp":"2024-11-07T22:15:54.864Z"}
{"level":"error","message":"Unsuccessful login attempt for: ::1, comp@gmail.com","timestamp":"2024-11-07T22:18:39.988Z"}
{"level":"error","message":"Failed to update own user password by test@gmail.com at userid: 12","timestamp":"2024-11-07T22:21:54.754Z"}
{"level":"error","message":"Failed to update own user password by test@gmail.com at userid: 12","timestamp":"2024-11-07T22:23:29.111Z"}
{"level":"error","message":"Failed to update own user password by test@gmail.com at userid: undefined","timestamp":"2024-11-07T22:25:10.360Z"}
{"level":"error","message":"Failed to update own user password by test@gmail.com at userid: undefined","timestamp":"2024-11-07T22:26:09.485Z"}
{"level":"error","message":"Failed to update own user password by test@gmail.com at userid: 12","timestamp":"2024-11-07T22:26:24.227Z"}
{"level":"error","message":"Failed to update own user password by test@gmail.com at userid: 12","timestamp":"2024-11-07T22:28:47.463Z"}
{"level":"error","message":"Failed to update own user password by test@gmail.com at userid: 12","timestamp":"2024-11-07T22:29:12.659Z"}
{"level":"error","message":"Failed to update own user password by test@gmail.com at userid: 12","timestamp":"2024-11-07T22:37:01.801Z"}
{"level":"error","message":"Failed to update own user password by test@gmail.com at userid: 12","timestamp":"2024-11-07T22:39:08.255Z"}
{"level":"error","message":"Failed to update own user password by test@gmail.com at userid: 12","timestamp":"2024-11-07T22:39:51.902Z"}
{"level":"error","message":"Failed to update own user password by test@gmail.com at userid: 12","timestamp":"2024-11-07T22:41:44.616Z"}
{"level":"error","message":"Failed to update own user password by test@gmail.com at userid: 12","timestamp":"2024-11-07T22:41:50.725Z"}
{"level":"error","message":"Failed to update own user password by test@gmail.com at userid: 12","timestamp":"2024-11-07T22:44:32.354Z"}
{"level":"error","message":"Failed to update own user password by test@gmail.com at userid: 12","timestamp":"2024-11-07T22:45:33.678Z"}
{"level":"error","message":"Failed to update own user password by test@gmail.com at userid: 12","timestamp":"2024-11-07T22:45:39.693Z"}
{"level":"error","message":"Failed to update own user password by test@gmail.com at userid: 12","timestamp":"2024-11-07T22:46:29.599Z"}
{"level":"error","message":"Unsuccessful login attempt for: ::1, test@gmail.com","timestamp":"2024-11-07T22:51:41.640Z"}
{"level":"error","message":"Unsuccessful login attempt for: ::1, test@gmail.com","timestamp":"2024-11-07T22:51:44.947Z"}
{"level":"error","message":"Unsuccessful login attempt for: ::1, test@gmail.com","timestamp":"2024-11-07T22:51:49.032Z"}
{"level":"error","message":"Unsuccessful login attempt for: ::1, test@gmail.com","timestamp":"2024-11-07T22:51:53.043Z"}
{"level":"error","message":"Unsuccessful login attempt for: ::1, test@gmail.com","timestamp":"2024-11-07T23:20:37.320Z"}
{"level":"error","message":"Unsuccessful login attempt for: ::1, test@gmail.com","timestamp":"2024-11-07T23:25:34.533Z"}
{"level":"error","message":"Unsuccessful login attempt for: ::1, comp@gmail.com","timestamp":"2024-11-07T23:25:44.069Z"}
{"level":"error","message":"Unsuccessful login attempt for: ::1, test@gmail.com","timestamp":"2024-11-10 05:28:27"}
{"level":"error","message":"Unsuccessful login attempt for: ::1, test@gmail.com","timestamp":"2024-11-10 05:28:35"}
{"level":"error","message":"Failed login attempt with missing credentials from ::1","timestamp":"2024-11-12 01:26:42"}
